<?xml version="1.0" encoding="UTF-8"?>
<!-- Generated by org.testng.reporters.JUnitReportReporter -->
<testsuite hostname="LTIN487732" failures="0" tests="1" name="testCases.TC003" time="48.869" errors="0" timestamp="2024-02-29T10:16:10 IST" skipped="0">
  <testcase classname="testCases.TC003" name="raj" time="48.869"/>
  <system-out/>
</testsuite> <!-- testCases.TC003 -->
