<?xml version="1.0" encoding="UTF-8"?>
<!-- Generated by org.testng.reporters.JUnitReportReporter -->
<testsuite hostname="LTIN487732" failures="0" tests="1" name="origin.runpage" time="331.048" errors="0" timestamp="2024-02-21T12:29:08 IST" skipped="0">
  <testcase classname="origin.runpage" name="sen" time="331.048"/>
  <system-out/>
</testsuite> <!-- origin.runpage -->
