<?xml version="1.0" encoding="UTF-8"?>
<!-- Generated by org.testng.reporters.JUnitReportReporter -->
<testsuite hostname="LTIN487732" failures="0" tests="1" name="testCases.TC003" time="66.498" errors="0" timestamp="2024-02-29T09:05:46 IST" skipped="0">
  <testcase classname="testCases.TC003" name="raj" time="66.498"/>
</testsuite> <!-- testCases.TC003 -->
